<?xml version="1.0" encoding="UTF-8"?>
<testng-results total="1" passed="1" failed="0" skipped="0">
  <reporter-output>
  </reporter-output>
  <suite started-at="2024-01-28T06:16:53Z" name="test.com.GoogleSearchTest" finished-at="2024-01-28T06:16:55Z" duration-ms="2684">
    <groups>
    </groups>
    <test started-at="2024-01-28T06:16:53Z" name="Command line test" finished-at="2024-01-28T06:16:55Z" duration-ms="2684">
      <class name="test.com.GoogleSearchTest">
        <test-method is-config="true" signature="setUpClass()[pri:0, instance:test.com.GoogleSearchTest@7113b13f]" started-at="2024-01-28T00:16:53Z" name="setUpClass" finished-at="2024-01-28T00:16:53Z" duration-ms="8" status="PASS">
          <reporter-output>
          </reporter-output>
        </test-method> <!-- setUpClass -->
        <test-method is-config="true" signature="setUpMethod()[pri:0, instance:test.com.GoogleSearchTest@7113b13f]" started-at="2024-01-28T00:16:53Z" name="setUpMethod" finished-at="2024-01-28T00:16:54Z" duration-ms="1166" status="PASS">
          <reporter-output>
          </reporter-output>
        </test-method> <!-- setUpMethod -->
        <test-method signature="testFacebook()[pri:0, instance:test.com.GoogleSearchTest@7113b13f]" started-at="2024-01-28T00:16:54Z" name="testFacebook" finished-at="2024-01-28T00:16:55Z" duration-ms="1503" status="PASS">
          <reporter-output>
          </reporter-output>
        </test-method> <!-- testFacebook -->
        <test-method is-config="true" signature="tearDownMethod()[pri:0, instance:test.com.GoogleSearchTest@7113b13f]" started-at="2024-01-28T00:16:55Z" name="tearDownMethod" finished-at="2024-01-28T00:16:55Z" duration-ms="0" status="PASS">
          <reporter-output>
          </reporter-output>
        </test-method> <!-- tearDownMethod -->
        <test-method is-config="true" signature="tearDownClass()[pri:0, instance:test.com.GoogleSearchTest@7113b13f]" started-at="2024-01-28T00:16:55Z" name="tearDownClass" finished-at="2024-01-28T00:16:55Z" duration-ms="0" status="PASS">
          <reporter-output>
          </reporter-output>
        </test-method> <!-- tearDownClass -->
      </class> <!-- test.com.GoogleSearchTest -->
    </test> <!-- Command line test -->
  </suite> <!-- test.com.GoogleSearchTest -->
</testng-results>
